0	1	mikroCARM.exe -MSF -DBG -pSTM32F407VG -BIN -LHF -DL -SSA -O11111114 -fo16 -N"C:\Embedded\Session5\SizeOf.mcpar" -SP"C:\Users\Public\Documents\Mikroelektronika\mikroC PRO for ARM\Defs\" -SP"C:\Users\Public\Documents\Mikroelektronika\mikroC PRO for ARM\Uses\ST M4\" -SP"C:\Embedded\Session5\" -IP"C:\Users\Public\Documents\Mikroelektronika\mikroC PRO for ARM\Uses\ST M4\" -IP"C:\Embedded\Session5\" "SizeOf.c" "debugging.c" "__Lib_Math.emcl" "__Lib_MathDouble.emcl" "__Lib_Delays.emcl" "__Lib_System_4XX.emcl" "__Lib_GPIO_32F4xx_Defs.emcl" "__Lib_GPIO_32F4xx.emcl" "__Lib_Button.emcl" "__Lib_Sound.emcl" "__Lib_ADC_123_32F20x_16ch.emcl"	 
diagnostics: 0	122	Compilation Started	typedefs.h
hint: 105	1163	Variable 'j' has been declared, but not used	SizeOf.c
hint: 109	1163	Variable 'CYCLES' has been declared, but not used	SizeOf.c
diagnostics: 137	123	Compiled Successfully	SizeOf.c
hint: 8	1164	Variable 'adcValue' has been eliminated by optimizer	SizeOf.c
hint: 9	1164	Variable 'BuzzerFrequency' has been eliminated by optimizer	SizeOf.c
hint: 11	1164	Variable 'HEIGHT' has been eliminated by optimizer	SizeOf.c
hint: 13	1164	Variable 'arr' has been eliminated by optimizer	SizeOf.c
hint: 106	1164	Variable 'PeriodicTime' has been eliminated by optimizer	SizeOf.c
diagnostics: 0	122	Compilation Started	typedefs.h
diagnostics: 79	123	Compiled Successfully	debugging.c
diagnostics: 0	127	All files Compiled in 94 ms	 
hint: 0	1144	Used RX: 16 (100%)   Free RX: 0 (0%)	Used RX: 16 (100%)   Free RX: 0 (0%)
hint: 0	1144	Static RAM (bytes): 28   Dynamic RAM (bytes): 131041	Static RAM (bytes): 28   Dynamic RAM (bytes): 131041
hint: 0	1144	Used ROM (bytes): 3942 (0%)  Free ROM (bytes): 1044634 (100%)	Used ROM (bytes): 3942 (0%)  Free ROM (bytes): 1044634 (100%)
diagnostics: 0	125	Project Linked Successfully	SizeOf.mcpar
diagnostics: 0	128	Linked in 375 ms	 
diagnostics: 0	129	Project 'SizeOf.mcpar' completed: 641 ms	 
diagnostics: 0	103	Finished successfully: 11 Aug 2018, 11:48:15	SizeOf.mcpar
